{"C:\\Users\\humai.vierdiieva\\BE\\Sprint 1\\lesson-02\\__tests__\\mockData.ts": {"path":"C:\\Users\\humai.vierdiieva\\BE\\Sprint 1\\lesson-02\\__tests__\\mockData.ts","statementMap":{"0":{"start":{"line":5,"column":13},"end":{"line":10,"column":null}},"1":{"start":{"line":12,"column":13},"end":{"line":17,"column":null}},"2":{"start":{"line":19,"column":13},"end":{"line":24,"column":null}},"3":{"start":{"line":26,"column":13},"end":{"line":33,"column":null}},"4":{"start":{"line":35,"column":13},"end":{"line":42,"column":null}},"5":{"start":{"line":44,"column":13},"end":{"line":51,"column":null}},"6":{"start":{"line":53,"column":13},"end":{"line":56,"column":null}}},"fnMap":{},"branchMap":{},"s":{"0":2,"1":2,"2":2,"3":2,"4":2,"5":2,"6":2},"f":{},"b":{}}
,"C:\\Users\\humai.vierdiieva\\BE\\Sprint 1\\lesson-02\\src\\db\\db.ts": {"path":"C:\\Users\\humai.vierdiieva\\BE\\Sprint 1\\lesson-02\\src\\db\\db.ts","statementMap":{"0":{"start":{"line":4,"column":13},"end":{"line":7,"column":null}},"1":{"start":{"line":9,"column":21},"end":{"line":17,"column":1}},"2":{"start":{"line":10,"column":2},"end":{"line":14,"column":3}},"3":{"start":{"line":11,"column":6},"end":{"line":11,"column":null}},"4":{"start":{"line":12,"column":6},"end":{"line":12,"column":null}},"5":{"start":{"line":13,"column":6},"end":{"line":13,"column":12}},"6":{"start":{"line":16,"column":2},"end":{"line":16,"column":null}},"7":{"start":{"line":9,"column":13},"end":{"line":9,"column":21}}},"fnMap":{"0":{"name":"(anonymous_0)","decl":{"start":{"line":9,"column":21},"end":{"line":9,"column":22}},"loc":{"start":{"line":9,"column":52},"end":{"line":17,"column":1}}}},"branchMap":{"0":{"loc":{"start":{"line":10,"column":2},"end":{"line":14,"column":3}},"type":"if","locations":[{"start":{"line":10,"column":2},"end":{"line":14,"column":3}}]},"1":{"loc":{"start":{"line":16,"column":13},"end":{"line":16,"column":38}},"type":"binary-expr","locations":[{"start":{"line":16,"column":13},"end":{"line":16,"column":26}},{"start":{"line":16,"column":30},"end":{"line":16,"column":38}}]}},"s":{"0":2,"1":2,"2":0,"3":0,"4":0,"5":0,"6":0,"7":2},"f":{"0":0},"b":{"0":[0],"1":[0,0]}}
,"C:\\Users\\humai.vierdiieva\\BE\\Sprint 1\\lesson-02\\src\\repositories\\blogsRepository.ts": {"path":"C:\\Users\\humai.vierdiieva\\BE\\Sprint 1\\lesson-02\\src\\repositories\\blogsRepository.ts","statementMap":{"0":{"start":{"line":1,"column":0},"end":{"line":1,"column":29}},"1":{"start":{"line":5,"column":13},"end":{"line":55,"column":null}},"2":{"start":{"line":7,"column":4},"end":{"line":7,"column":null}},"3":{"start":{"line":12,"column":32},"end":{"line":12,"column":87}},"4":{"start":{"line":12,"column":55},"end":{"line":12,"column":69}},"5":{"start":{"line":13,"column":4},"end":{"line":17,"column":5}},"6":{"start":{"line":14,"column":6},"end":{"line":14,"column":null}},"7":{"start":{"line":16,"column":6},"end":{"line":16,"column":null}},"8":{"start":{"line":21,"column":17},"end":{"line":23,"column":null}},"9":{"start":{"line":25,"column":4},"end":{"line":25,"column":null}},"10":{"start":{"line":26,"column":4},"end":{"line":26,"column":null}},"11":{"start":{"line":30,"column":23},"end":{"line":30,"column":77}},"12":{"start":{"line":30,"column":45},"end":{"line":30,"column":59}},"13":{"start":{"line":31,"column":4},"end":{"line":40,"column":5}},"14":{"start":{"line":32,"column":6},"end":{"line":35,"column":null}},"15":{"start":{"line":36,"column":6},"end":{"line":36,"column":null}},"16":{"start":{"line":36,"column":38},"end":{"line":36,"column":74}},"17":{"start":{"line":37,"column":6},"end":{"line":37,"column":null}},"18":{"start":{"line":39,"column":6},"end":{"line":39,"column":null}},"19":{"start":{"line":45,"column":23},"end":{"line":45,"column":77}},"20":{"start":{"line":45,"column":45},"end":{"line":45,"column":59}},"21":{"start":{"line":46,"column":4},"end":{"line":51,"column":5}},"22":{"start":{"line":47,"column":6},"end":{"line":47,"column":null}},"23":{"start":{"line":47,"column":41},"end":{"line":47,"column":55}},"24":{"start":{"line":48,"column":6},"end":{"line":48,"column":null}},"25":{"start":{"line":50,"column":6},"end":{"line":50,"column":null}}},"fnMap":{"0":{"name":"(anonymous_0)","decl":{"start":{"line":6,"column":2},"end":{"line":6,"column":10}},"loc":{"start":{"line":6,"column":10},"end":{"line":8,"column":3}}},"1":{"name":"(anonymous_1)","decl":{"start":{"line":11,"column":2},"end":{"line":11,"column":10}},"loc":{"start":{"line":11,"column":21},"end":{"line":18,"column":3}}},"2":{"name":"(anonymous_2)","decl":{"start":{"line":12,"column":46},"end":{"line":12,"column":50}},"loc":{"start":{"line":12,"column":55},"end":{"line":12,"column":69}}},"3":{"name":"(anonymous_3)","decl":{"start":{"line":20,"column":2},"end":{"line":20,"column":12}},"loc":{"start":{"line":20,"column":33},"end":{"line":27,"column":3}}},"4":{"name":"(anonymous_4)","decl":{"start":{"line":29,"column":2},"end":{"line":29,"column":12}},"loc":{"start":{"line":29,"column":45},"end":{"line":42,"column":3}}},"5":{"name":"(anonymous_5)","decl":{"start":{"line":30,"column":37},"end":{"line":30,"column":41}},"loc":{"start":{"line":30,"column":45},"end":{"line":30,"column":59}}},"6":{"name":"(anonymous_6)","decl":{"start":{"line":36,"column":30},"end":{"line":36,"column":34}},"loc":{"start":{"line":36,"column":38},"end":{"line":36,"column":74}}},"7":{"name":"(anonymous_7)","decl":{"start":{"line":44,"column":2},"end":{"line":44,"column":12}},"loc":{"start":{"line":44,"column":23},"end":{"line":53,"column":3}}},"8":{"name":"(anonymous_8)","decl":{"start":{"line":45,"column":37},"end":{"line":45,"column":41}},"loc":{"start":{"line":45,"column":45},"end":{"line":45,"column":59}}},"9":{"name":"(anonymous_9)","decl":{"start":{"line":47,"column":33},"end":{"line":47,"column":37}},"loc":{"start":{"line":47,"column":41},"end":{"line":47,"column":55}}}},"branchMap":{"0":{"loc":{"start":{"line":13,"column":4},"end":{"line":17,"column":5}},"type":"if","locations":[{"start":{"line":13,"column":4},"end":{"line":17,"column":5}},{"start":{"line":15,"column":11},"end":{"line":17,"column":5}}]},"1":{"loc":{"start":{"line":31,"column":4},"end":{"line":40,"column":5}},"type":"if","locations":[{"start":{"line":31,"column":4},"end":{"line":40,"column":5}},{"start":{"line":38,"column":11},"end":{"line":40,"column":5}}]},"2":{"loc":{"start":{"line":36,"column":38},"end":{"line":36,"column":74}},"type":"cond-expr","locations":[{"start":{"line":36,"column":55},"end":{"line":36,"column":67}},{"start":{"line":36,"column":70},"end":{"line":36,"column":74}}]},"3":{"loc":{"start":{"line":46,"column":4},"end":{"line":51,"column":5}},"type":"if","locations":[{"start":{"line":46,"column":4},"end":{"line":51,"column":5}},{"start":{"line":49,"column":11},"end":{"line":51,"column":5}}]}},"s":{"0":1,"1":1,"2":1,"3":2,"4":4,"5":2,"6":1,"7":1,"8":1,"9":1,"10":1,"11":2,"12":4,"13":2,"14":1,"15":1,"16":3,"17":1,"18":1,"19":2,"20":4,"21":2,"22":1,"23":3,"24":1,"25":1},"f":{"0":1,"1":2,"2":4,"3":1,"4":2,"5":4,"6":3,"7":2,"8":4,"9":3},"b":{"0":[1,1],"1":[1,1],"2":[1,2],"3":[1,1]}}
,"C:\\Users\\humai.vierdiieva\\BE\\Sprint 1\\lesson-02\\src\\repositories\\postsRepository.ts": {"path":"C:\\Users\\humai.vierdiieva\\BE\\Sprint 1\\lesson-02\\src\\repositories\\postsRepository.ts","statementMap":{"0":{"start":{"line":1,"column":0},"end":{"line":1,"column":29}},"1":{"start":{"line":6,"column":13},"end":{"line":57,"column":null}},"2":{"start":{"line":8,"column":4},"end":{"line":8,"column":null}},"3":{"start":{"line":12,"column":17},"end":{"line":12,"column":71}},"4":{"start":{"line":12,"column":39},"end":{"line":12,"column":53}},"5":{"start":{"line":13,"column":4},"end":{"line":17,"column":5}},"6":{"start":{"line":14,"column":6},"end":{"line":14,"column":null}},"7":{"start":{"line":16,"column":6},"end":{"line":16,"column":null}},"8":{"start":{"line":21,"column":17},"end":{"line":24,"column":null}},"9":{"start":{"line":24,"column":38},"end":{"line":24,"column":61}},"10":{"start":{"line":26,"column":4},"end":{"line":26,"column":null}},"11":{"start":{"line":27,"column":4},"end":{"line":27,"column":null}},"12":{"start":{"line":31,"column":23},"end":{"line":31,"column":77}},"13":{"start":{"line":31,"column":45},"end":{"line":31,"column":59}},"14":{"start":{"line":32,"column":4},"end":{"line":42,"column":5}},"15":{"start":{"line":33,"column":6},"end":{"line":37,"column":null}},"16":{"start":{"line":36,"column":40},"end":{"line":36,"column":63}},"17":{"start":{"line":38,"column":6},"end":{"line":38,"column":null}},"18":{"start":{"line":38,"column":38},"end":{"line":38,"column":74}},"19":{"start":{"line":39,"column":6},"end":{"line":39,"column":null}},"20":{"start":{"line":41,"column":6},"end":{"line":41,"column":null}},"21":{"start":{"line":47,"column":23},"end":{"line":47,"column":77}},"22":{"start":{"line":47,"column":45},"end":{"line":47,"column":59}},"23":{"start":{"line":48,"column":4},"end":{"line":53,"column":5}},"24":{"start":{"line":49,"column":6},"end":{"line":49,"column":null}},"25":{"start":{"line":49,"column":41},"end":{"line":49,"column":55}},"26":{"start":{"line":50,"column":6},"end":{"line":50,"column":null}},"27":{"start":{"line":52,"column":6},"end":{"line":52,"column":null}}},"fnMap":{"0":{"name":"(anonymous_0)","decl":{"start":{"line":7,"column":2},"end":{"line":7,"column":10}},"loc":{"start":{"line":7,"column":10},"end":{"line":9,"column":3}}},"1":{"name":"(anonymous_1)","decl":{"start":{"line":11,"column":2},"end":{"line":11,"column":10}},"loc":{"start":{"line":11,"column":21},"end":{"line":18,"column":3}}},"2":{"name":"(anonymous_2)","decl":{"start":{"line":12,"column":31},"end":{"line":12,"column":35}},"loc":{"start":{"line":12,"column":39},"end":{"line":12,"column":53}}},"3":{"name":"(anonymous_3)","decl":{"start":{"line":20,"column":2},"end":{"line":20,"column":12}},"loc":{"start":{"line":20,"column":33},"end":{"line":28,"column":3}}},"4":{"name":"(anonymous_4)","decl":{"start":{"line":24,"column":30},"end":{"line":24,"column":34}},"loc":{"start":{"line":24,"column":38},"end":{"line":24,"column":61}}},"5":{"name":"(anonymous_5)","decl":{"start":{"line":30,"column":2},"end":{"line":30,"column":12}},"loc":{"start":{"line":30,"column":45},"end":{"line":44,"column":3}}},"6":{"name":"(anonymous_6)","decl":{"start":{"line":31,"column":37},"end":{"line":31,"column":41}},"loc":{"start":{"line":31,"column":45},"end":{"line":31,"column":59}}},"7":{"name":"(anonymous_7)","decl":{"start":{"line":36,"column":32},"end":{"line":36,"column":36}},"loc":{"start":{"line":36,"column":40},"end":{"line":36,"column":63}}},"8":{"name":"(anonymous_8)","decl":{"start":{"line":38,"column":30},"end":{"line":38,"column":34}},"loc":{"start":{"line":38,"column":38},"end":{"line":38,"column":74}}},"9":{"name":"(anonymous_9)","decl":{"start":{"line":46,"column":2},"end":{"line":46,"column":12}},"loc":{"start":{"line":46,"column":23},"end":{"line":55,"column":3}}},"10":{"name":"(anonymous_10)","decl":{"start":{"line":47,"column":37},"end":{"line":47,"column":41}},"loc":{"start":{"line":47,"column":45},"end":{"line":47,"column":59}}},"11":{"name":"(anonymous_11)","decl":{"start":{"line":49,"column":33},"end":{"line":49,"column":37}},"loc":{"start":{"line":49,"column":41},"end":{"line":49,"column":55}}}},"branchMap":{"0":{"loc":{"start":{"line":13,"column":4},"end":{"line":17,"column":5}},"type":"if","locations":[{"start":{"line":13,"column":4},"end":{"line":17,"column":5}},{"start":{"line":15,"column":11},"end":{"line":17,"column":5}}]},"1":{"loc":{"start":{"line":24,"column":16},"end":{"line":24,"column":78}},"type":"cond-expr","locations":[{"start":{"line":24,"column":62},"end":{"line":24,"column":64}},{"start":{"line":24,"column":62},"end":{"line":24,"column":78}}]},"2":{"loc":{"start":{"line":24,"column":16},"end":{"line":24,"column":64}},"type":"binary-expr","locations":[{"start":{"line":24,"column":16},"end":{"line":24,"column":64}},{"start":{"line":24,"column":62},"end":{"line":24,"column":64}}]},"3":{"loc":{"start":{"line":32,"column":4},"end":{"line":42,"column":5}},"type":"if","locations":[{"start":{"line":32,"column":4},"end":{"line":42,"column":5}},{"start":{"line":40,"column":11},"end":{"line":42,"column":5}}]},"4":{"loc":{"start":{"line":36,"column":18},"end":{"line":36,"column":80}},"type":"cond-expr","locations":[{"start":{"line":36,"column":64},"end":{"line":36,"column":66}},{"start":{"line":36,"column":64},"end":{"line":36,"column":80}}]},"5":{"loc":{"start":{"line":36,"column":18},"end":{"line":36,"column":66}},"type":"binary-expr","locations":[{"start":{"line":36,"column":18},"end":{"line":36,"column":66}},{"start":{"line":36,"column":64},"end":{"line":36,"column":66}}]},"6":{"loc":{"start":{"line":38,"column":38},"end":{"line":38,"column":74}},"type":"cond-expr","locations":[{"start":{"line":38,"column":55},"end":{"line":38,"column":67}},{"start":{"line":38,"column":70},"end":{"line":38,"column":74}}]},"7":{"loc":{"start":{"line":48,"column":4},"end":{"line":53,"column":5}},"type":"if","locations":[{"start":{"line":48,"column":4},"end":{"line":53,"column":5}},{"start":{"line":51,"column":11},"end":{"line":53,"column":5}}]}},"s":{"0":1,"1":1,"2":1,"3":2,"4":4,"5":2,"6":1,"7":1,"8":1,"9":1,"10":1,"11":1,"12":2,"13":4,"14":2,"15":1,"16":1,"17":1,"18":3,"19":1,"20":1,"21":2,"22":4,"23":2,"24":1,"25":3,"26":1,"27":1},"f":{"0":1,"1":2,"2":4,"3":1,"4":1,"5":2,"6":4,"7":1,"8":3,"9":2,"10":4,"11":3},"b":{"0":[1,1],"1":[0,1],"2":[1,1],"3":[1,1],"4":[0,1],"5":[1,1],"6":[1,2],"7":[1,1]}}
}
