TN:
SF:__tests__\mockData.ts
FNF:0
FNH:0
DA:5,2
DA:12,2
DA:19,2
DA:26,2
DA:35,2
DA:44,2
DA:53,2
LF:7
LH:7
BRF:0
BRH:0
end_of_record
TN:
SF:src\db\db.ts
FN:9,(anonymous_0)
FNF:1
FNH:0
FNDA:0,(anonymous_0)
DA:4,2
DA:9,2
DA:10,0
DA:11,0
DA:12,0
DA:13,0
DA:16,0
LF:7
LH:2
BRDA:10,0,0,0
BRDA:16,1,0,0
BRDA:16,1,1,0
BRF:3
BRH:0
end_of_record
TN:
SF:src\repositories\blogsRepository.ts
FN:6,(anonymous_0)
FN:11,(anonymous_1)
FN:12,(anonymous_2)
FN:20,(anonymous_3)
FN:29,(anonymous_4)
FN:30,(anonymous_5)
FN:36,(anonymous_6)
FN:44,(anonymous_7)
FN:45,(anonymous_8)
FN:47,(anonymous_9)
FNF:10
FNH:10
FNDA:1,(anonymous_0)
FNDA:2,(anonymous_1)
FNDA:4,(anonymous_2)
FNDA:1,(anonymous_3)
FNDA:2,(anonymous_4)
FNDA:4,(anonymous_5)
FNDA:3,(anonymous_6)
FNDA:2,(anonymous_7)
FNDA:4,(anonymous_8)
FNDA:3,(anonymous_9)
DA:1,1
DA:5,1
DA:7,1
DA:12,4
DA:13,2
DA:14,1
DA:16,1
DA:21,1
DA:25,1
DA:26,1
DA:30,4
DA:31,2
DA:32,1
DA:36,3
DA:37,1
DA:39,1
DA:45,4
DA:46,2
DA:47,3
DA:48,1
DA:50,1
LF:21
LH:21
BRDA:13,0,0,1
BRDA:13,0,1,1
BRDA:31,1,0,1
BRDA:31,1,1,1
BRDA:36,2,0,1
BRDA:36,2,1,2
BRDA:46,3,0,1
BRDA:46,3,1,1
BRF:8
BRH:8
end_of_record
TN:
SF:src\repositories\postsRepository.ts
FN:7,(anonymous_0)
FN:11,(anonymous_1)
FN:12,(anonymous_2)
FN:20,(anonymous_3)
FN:24,(anonymous_4)
FN:30,(anonymous_5)
FN:31,(anonymous_6)
FN:36,(anonymous_7)
FN:38,(anonymous_8)
FN:46,(anonymous_9)
FN:47,(anonymous_10)
FN:49,(anonymous_11)
FNF:12
FNH:12
FNDA:1,(anonymous_0)
FNDA:2,(anonymous_1)
FNDA:4,(anonymous_2)
FNDA:1,(anonymous_3)
FNDA:1,(anonymous_4)
FNDA:2,(anonymous_5)
FNDA:4,(anonymous_6)
FNDA:1,(anonymous_7)
FNDA:3,(anonymous_8)
FNDA:2,(anonymous_9)
FNDA:4,(anonymous_10)
FNDA:3,(anonymous_11)
DA:1,1
DA:6,1
DA:8,1
DA:12,4
DA:13,2
DA:14,1
DA:16,1
DA:21,1
DA:24,1
DA:26,1
DA:27,1
DA:31,4
DA:32,2
DA:33,1
DA:36,1
DA:38,3
DA:39,1
DA:41,1
DA:47,4
DA:48,2
DA:49,3
DA:50,1
DA:52,1
LF:23
LH:23
BRDA:13,0,0,1
BRDA:13,0,1,1
BRDA:24,1,0,0
BRDA:24,1,1,1
BRDA:24,2,0,1
BRDA:24,2,1,1
BRDA:32,3,0,1
BRDA:32,3,1,1
BRDA:36,4,0,0
BRDA:36,4,1,1
BRDA:36,5,0,1
BRDA:36,5,1,1
BRDA:38,6,0,1
BRDA:38,6,1,2
BRDA:48,7,0,1
BRDA:48,7,1,1
BRF:16
BRH:14
end_of_record
